<?xml version="1.0" encoding="UTF-8"?>
<!-- Generated by org.testng.reporters.JUnitReportReporter -->
<testsuite hostname="LAPTOP-EMB9ANO0" failures="0" tests="2" name="TestNGDay1" time="0.024" errors="0" timestamp="2022-11-27T16:06:30 IST" skipped="0">
  <testcase classname="TestNGDay1" name="newone" time="0.002"/>
  <system-out/>
  <testcase classname="TestNGDay1" name="demo" time="0.022"/>
  <system-out/>
</testsuite> <!-- TestNGDay1 -->
