<?xml version="1.0" encoding="UTF-8"?>
<!-- Generated by org.testng.reporters.JUnitReportReporter -->
<testsuite hostname="LAPTOP-EMB9ANO0" failures="0" tests="3" name="mytest.Test4" time="0.007" errors="0" timestamp="2023-02-02T10:50:06 IST" skipped="0">
  <testcase classname="mytest.Test4" name="MobileLoginHomeLoan" time="0.002"/>
  <system-out/>
  <testcase classname="mytest.Test4" name="LoginApIHomeLoan" time="0.003"/>
  <system-out/>
  <testcase classname="mytest.Test4" name="WebloginHomeloan" time="0.002"/>
  <system-out/>
</testsuite> <!-- mytest.Test4 -->
