<?xml version="1.0" encoding="UTF-8"?>
<!-- Generated by org.testng.reporters.JUnitReportReporter -->
<testsuite hostname="LAPTOP-EMB9ANO0" failures="0" tests="1" name="test" time="0.021" errors="0" timestamp="2022-11-23T17:49:18 IST" skipped="0">
  <testcase classname="test" name="assignment" time="0.021"/>
  <system-out/>
</testsuite> <!-- test -->
