<?xml version="1.0" encoding="UTF-8"?>
<!-- Generated by org.testng.reporters.JUnitReportReporter -->
<testsuite hostname="LAPTOP-EMB9ANO0" failures="0" tests="1" name="mytest.mytest2" time="0.002" errors="0" timestamp="2023-02-02T10:50:06 IST" skipped="0">
  <testcase classname="mytest.mytest2" name="choice" time="0.002"/>
  <system-out/>
</testsuite> <!-- mytest.mytest2 -->
